  Oto.cpp
C:\Users\Duc\Desktop\DHMT\Oto\Oto\Oto.cpp(11,18): warning C4305: 'initializing': truncation from 'double' to 'float'
C:\Users\Duc\Desktop\DHMT\Oto\Oto\Oto.cpp(15,22): warning C4244: 'initializing': conversion from 'double' to 'float', possible loss of data
C:\Users\Duc\Desktop\DHMT\Oto\Oto\Oto.cpp(16,23): warning C4305: 'initializing': truncation from 'double' to 'float'
C:\Users\Duc\Desktop\DHMT\Oto\Oto\Oto.cpp(31,33): warning C4305: 'initializing': truncation from 'double' to 'float'
C:\Users\Duc\Desktop\DHMT\Oto\Oto\Oto.cpp(33,18): warning C4305: 'initializing': truncation from 'double' to 'float'
C:\Users\Duc\Desktop\DHMT\Oto\Oto\Oto.cpp(70,27): warning C4305: 'initializing': truncation from 'double' to 'GLfloat'
C:\Users\Duc\Desktop\DHMT\Oto\Oto\Oto.cpp(70,31): warning C4305: 'initializing': truncation from 'double' to 'GLfloat'
C:\Users\Duc\Desktop\DHMT\Oto\Oto\Oto.cpp(72,19): warning C4305: 'argument': truncation from 'double' to 'GLfloat'
C:\Users\Duc\Desktop\DHMT\Oto\Oto\Oto.cpp(72,15): warning C4305: 'argument': truncation from 'double' to 'GLfloat'
C:\Users\Duc\Desktop\DHMT\Oto\Oto\Oto.cpp(76,24): warning C4305: 'initializing': truncation from 'double' to 'GLfloat'
C:\Users\Duc\Desktop\DHMT\Oto\Oto\Oto.cpp(76,32): warning C4305: 'initializing': truncation from 'double' to 'GLfloat'
C:\Users\Duc\Desktop\DHMT\Oto\Oto\Oto.cpp(78,20): warning C4305: 'argument': truncation from 'double' to 'GLfloat'
C:\Users\Duc\Desktop\DHMT\Oto\Oto\Oto.cpp(78,12): warning C4305: 'argument': truncation from 'double' to 'GLfloat'
C:\Users\Duc\Desktop\DHMT\Oto\Oto\Oto.cpp(88,24): warning C4305: 'initializing': truncation from 'double' to 'GLfloat'
C:\Users\Duc\Desktop\DHMT\Oto\Oto\Oto.cpp(88,28): warning C4305: 'initializing': truncation from 'double' to 'GLfloat'
C:\Users\Duc\Desktop\DHMT\Oto\Oto\Oto.cpp(90,16): warning C4305: 'argument': truncation from 'double' to 'GLfloat'
C:\Users\Duc\Desktop\DHMT\Oto\Oto\Oto.cpp(90,12): warning C4305: 'argument': truncation from 'double' to 'GLfloat'
C:\Users\Duc\Desktop\DHMT\Oto\Oto\Oto.cpp(95,30): warning C4244: '=': conversion from 'double' to 'float', possible loss of data
C:\Users\Duc\Desktop\DHMT\Oto\Oto\Oto.cpp(96,20): warning C4305: '=': truncation from 'double' to 'float'
C:\Users\Duc\Desktop\DHMT\Oto\Oto\Oto.cpp(113,14): warning C4305: 'argument': truncation from 'double' to 'float'
C:\Users\Duc\Desktop\DHMT\Oto\Oto\Oto.cpp(170,87): warning C4244: 'argument': conversion from 'double' to 'GLfloat', possible loss of data
C:\Users\Duc\Desktop\DHMT\Oto\Oto\Oto.cpp(170,48): warning C4244: 'argument': conversion from 'double' to 'GLfloat', possible loss of data
C:\Users\Duc\Desktop\DHMT\Oto\Oto\Oto.cpp(170,22): warning C4244: 'argument': conversion from 'double' to 'GLfloat', possible loss of data
C:\Users\Duc\Desktop\DHMT\Oto\Oto\Oto.cpp(178,87): warning C4244: 'argument': conversion from 'double' to 'GLfloat', possible loss of data
C:\Users\Duc\Desktop\DHMT\Oto\Oto\Oto.cpp(178,48): warning C4244: 'argument': conversion from 'double' to 'GLfloat', possible loss of data
C:\Users\Duc\Desktop\DHMT\Oto\Oto\Oto.cpp(178,22): warning C4244: 'argument': conversion from 'double' to 'GLfloat', possible loss of data
C:\Users\Duc\Desktop\DHMT\Oto\Oto\Oto.cpp(186,31): warning C4244: 'argument': conversion from 'double' to 'float', possible loss of data
C:\Users\Duc\Desktop\DHMT\Oto\Oto\Oto.cpp(192,114): warning C4305: 'argument': truncation from 'double' to 'float'
C:\Users\Duc\Desktop\DHMT\Oto\Oto\Oto.cpp(192,43): warning C4244: 'argument': conversion from 'double' to 'float', possible loss of data
C:\Users\Duc\Desktop\DHMT\Oto\Oto\Oto.cpp(192,17): warning C4244: 'argument': conversion from 'double' to 'float', possible loss of data
C:\Users\Duc\Desktop\DHMT\Oto\Oto\Oto.cpp(198,75): warning C4244: 'argument': conversion from 'double' to 'GLfloat', possible loss of data
C:\Users\Duc\Desktop\DHMT\Oto\Oto\Oto.cpp(198,49): warning C4244: 'argument': conversion from 'double' to 'GLfloat', possible loss of data
C:\Users\Duc\Desktop\DHMT\Oto\Oto\Oto.cpp(198,22): warning C4244: 'argument': conversion from 'double' to 'GLfloat', possible loss of data
C:\Users\Duc\Desktop\DHMT\Oto\Oto\Oto.cpp(205,115): warning C4305: 'argument': truncation from 'double' to 'float'
C:\Users\Duc\Desktop\DHMT\Oto\Oto\Oto.cpp(205,43): warning C4244: 'argument': conversion from 'double' to 'float', possible loss of data
C:\Users\Duc\Desktop\DHMT\Oto\Oto\Oto.cpp(205,17): warning C4244: 'argument': conversion from 'double' to 'float', possible loss of data
C:\Users\Duc\Desktop\DHMT\Oto\Oto\Oto.cpp(211,75): warning C4244: 'argument': conversion from 'double' to 'GLfloat', possible loss of data
C:\Users\Duc\Desktop\DHMT\Oto\Oto\Oto.cpp(211,49): warning C4244: 'argument': conversion from 'double' to 'GLfloat', possible loss of data
C:\Users\Duc\Desktop\DHMT\Oto\Oto\Oto.cpp(211,22): warning C4244: 'argument': conversion from 'double' to 'GLfloat', possible loss of data
C:\Users\Duc\Desktop\DHMT\Oto\Oto\Oto.cpp(217,43): warning C4305: 'argument': truncation from 'double' to 'float'
C:\Users\Duc\Desktop\DHMT\Oto\Oto\Oto.cpp(217,18): warning C4305: 'argument': truncation from 'double' to 'float'
C:\Users\Duc\Desktop\DHMT\Oto\Oto\Oto.cpp(219,57): warning C4305: 'argument': truncation from 'double' to 'float'
C:\Users\Duc\Desktop\DHMT\Oto\Oto\Oto.cpp(220,57): warning C4305: 'argument': truncation from 'double' to 'float'
C:\Users\Duc\Desktop\DHMT\Oto\Oto\Oto.cpp(221,56): warning C4305: 'argument': truncation from 'double' to 'float'
C:\Users\Duc\Desktop\DHMT\Oto\Oto\Oto.cpp(223,56): warning C4305: 'argument': truncation from 'double' to 'float'
C:\Users\Duc\Desktop\DHMT\Oto\Oto\Oto.cpp(224,56): warning C4305: 'argument': truncation from 'double' to 'float'
C:\Users\Duc\Desktop\DHMT\Oto\Oto\Oto.cpp(226,57): warning C4305: 'argument': truncation from 'double' to 'float'
C:\Users\Duc\Desktop\DHMT\Oto\Oto\Oto.cpp(227,57): warning C4305: 'argument': truncation from 'double' to 'float'
C:\Users\Duc\Desktop\DHMT\Oto\Oto\Oto.cpp(228,56): warning C4305: 'argument': truncation from 'double' to 'float'
C:\Users\Duc\Desktop\DHMT\Oto\Oto\Oto.cpp(230,56): warning C4305: 'argument': truncation from 'double' to 'float'
C:\Users\Duc\Desktop\DHMT\Oto\Oto\Oto.cpp(231,56): warning C4305: 'argument': truncation from 'double' to 'float'
C:\Users\Duc\Desktop\DHMT\Oto\Oto\Oto.cpp(233,57): warning C4305: 'argument': truncation from 'double' to 'float'
C:\Users\Duc\Desktop\DHMT\Oto\Oto\Oto.cpp(234,57): warning C4305: 'argument': truncation from 'double' to 'float'
C:\Users\Duc\Desktop\DHMT\Oto\Oto\Oto.cpp(235,56): warning C4305: 'argument': truncation from 'double' to 'float'
C:\Users\Duc\Desktop\DHMT\Oto\Oto\Oto.cpp(237,58): warning C4305: 'argument': truncation from 'double' to 'float'
C:\Users\Duc\Desktop\DHMT\Oto\Oto\Oto.cpp(238,58): warning C4305: 'argument': truncation from 'double' to 'float'
C:\Users\Duc\Desktop\DHMT\Oto\Oto\Oto.cpp(240,59): warning C4305: 'argument': truncation from 'double' to 'float'
C:\Users\Duc\Desktop\DHMT\Oto\Oto\Oto.cpp(241,59): warning C4305: 'argument': truncation from 'double' to 'float'
C:\Users\Duc\Desktop\DHMT\Oto\Oto\Oto.cpp(242,59): warning C4305: 'argument': truncation from 'double' to 'float'
C:\Users\Duc\Desktop\DHMT\Oto\Oto\Oto.cpp(243,59): warning C4305: 'argument': truncation from 'double' to 'float'
C:\Users\Duc\Desktop\DHMT\Oto\Oto\Oto.cpp(257,54): warning C4244: 'argument': conversion from 'double' to 'GLfloat', possible loss of data
C:\Users\Duc\Desktop\DHMT\Oto\Oto\Oto.cpp(258,16): warning C4305: 'argument': truncation from 'double' to 'GLfloat'
C:\Users\Duc\Desktop\DHMT\Oto\Oto\Oto.cpp(258,12): warning C4305: 'argument': truncation from 'double' to 'GLfloat'
C:\Users\Duc\Desktop\DHMT\Oto\Oto\Oto.cpp(267,53): warning C4244: 'argument': conversion from 'double' to 'GLfloat', possible loss of data
C:\Users\Duc\Desktop\DHMT\Oto\Oto\Oto.cpp(268,16): warning C4305: 'argument': truncation from 'double' to 'GLfloat'
C:\Users\Duc\Desktop\DHMT\Oto\Oto\Oto.cpp(268,12): warning C4305: 'argument': truncation from 'double' to 'GLfloat'
C:\Users\Duc\Desktop\DHMT\Oto\Oto\Oto.cpp(276,15): warning C4305: 'argument': truncation from 'double' to 'GLfloat'
C:\Users\Duc\Desktop\DHMT\Oto\Oto\Oto.cpp(300,2): warning C4065: switch statement contains 'default' but no 'case' labels
  Oto.vcxproj -> C:\Users\Duc\Desktop\DHMT\Oto\x64\Debug\Oto.exe
